生成启动时间为 2014/3/31 12:20:51。
     1>项目“C:\Users\mistree\Documents\AssistiveTouch\TouchBand\TouchBand.vcxproj”在节点 2 上(Build 个目标)。
     1>ClCompile:
         D:\Program Files (x86)\Microsoft Visual Studio 12.0\VC\bin\x86_amd64\CL.exe /c /Zi /nologo /W3 /WX- /O2 /Oi /GL /D WIN32 /D NDEBUG /D _WINDOWS /D _USRDLL /D TOUCHBAND_EXPORTS /D _WINDLL /D _UNICODE /D UNICODE /Gm- /EHsc /MD /GS /Gy /fp:precise /Zc:wchar_t /Zc:forScope /Fo"x64\Release\\" /Fd"x64\Release\vc120.pdb" /Gd /TP /errorReport:prompt ClassFactory.cpp DeskBand.cpp DeskBandWindow.cpp TouchBand.cpp
         ClassFactory.cpp
         DeskBand.cpp
         DeskBandWindow.cpp
         TouchBand.cpp
     1>TouchBand.cpp(177): warning C4996: 'swprintf': swprintf has been changed to conform with the ISO C standard, adding an extra character count parameter. To use traditional Microsoft swprintf, set _CRT_NON_CONFORMING_SWPRINTFS.
                 D:\Program Files (x86)\Microsoft Visual Studio 12.0\VC\include\swprintf.inl(85) : 参见“swprintf”的声明
       ResourceCompile:
         C:\Program Files (x86)\Windows Kits\8.1\bin\x86\rc.exe /D _UNICODE /D UNICODE /l"0x0409" /nologo /fo"x64\Release\Resource.res" Resource.rc 
       Link:
         D:\Program Files (x86)\Microsoft Visual Studio 12.0\VC\bin\x86_amd64\link.exe /ERRORREPORT:PROMPT /OUT:"C:\Users\mistree\Documents\AssistiveTouch\x64\Release\TouchBand.dll" /INCREMENTAL:NO /NOLOGO kernel32.lib user32.lib gdi32.lib winspool.lib comdlg32.lib advapi32.lib shell32.lib ole32.lib oleaut32.lib uuid.lib odbc32.lib odbccp32.lib /MANIFEST /MANIFESTUAC:"level='asInvoker' uiAccess='false'" /manifest:embed /DEBUG /PDB:"C:\Users\mistree\Documents\AssistiveTouch\x64\Release\TouchBand.pdb" /SUBSYSTEM:WINDOWS /OPT:REF /OPT:ICF /LTCG /TLBID:1 /DYNAMICBASE /NXCOMPAT /IMPLIB:"C:\Users\mistree\Documents\AssistiveTouch\x64\Release\TouchBand.lib" /MACHINE:X64 /DLL x64\Release\Resource.res
         x64\Release\ClassFactory.obj
         x64\Release\DeskBand.obj
         x64\Release\DeskBandWindow.obj
         x64\Release\TouchBand.obj
     1>DeskBandWindow.obj : error LNK2001: 无法解析的外部符号 __imp_BeginBufferedPaint
     1>DeskBandWindow.obj : error LNK2001: 无法解析的外部符号 __imp_OpenThemeData
     1>DeskBandWindow.obj : error LNK2001: 无法解析的外部符号 __imp_EndBufferedPaint
     1>DeskBandWindow.obj : error LNK2001: 无法解析的外部符号 __imp_DrawThemeParentBackground
     1>DeskBandWindow.obj : error LNK2001: 无法解析的外部符号 __imp_CloseThemeData
     1>DeskBandWindow.obj : error LNK2001: 无法解析的外部符号 __imp_DrawThemeTextEx
     1>C:\Users\mistree\Documents\AssistiveTouch\x64\Release\TouchBand.dll : fatal error LNK1120: 6 个无法解析的外部命令
     1>已完成生成项目“C:\Users\mistree\Documents\AssistiveTouch\TouchBand\TouchBand.vcxproj”(Build 个目标)的操作 - 失败。

生成失败。

已用时间 00:00:04.77
