生成启动时间为 2014/4/2 23:32:50。
     1>项目“C:\Users\mistree\Documents\AssistiveTouch\AssistiveTouch8\AssistiveTouch8.vcxproj”在节点 2 上(Build 个目标)。
     1>C:\Program Files (x86)\MSBuild\Microsoft.Cpp\v4.0\V120\Microsoft.CppBuild.targets(381,5): warning MSB8028: The intermediate directory (Debug\) contains files shared from another project (TouchBand.vcxproj).  This can lead to incorrect clean and rebuild behavior.
     1>ClCompile:
         D:\Program Files (x86)\Microsoft Visual Studio 12.0\VC\bin\CL.exe /c /ZI /nologo /W3 /WX- /Od /Oy- /D WIN32 /D _DEBUG /D _WINDOWS /D _USRDLL /D AssistiveTouch8_EXPORTS /D _WINDLL /D _UNICODE /D UNICODE /Gm /EHsc /RTC1 /MDd /GS /fp:precise /Zc:wchar_t /Zc:forScope /Fo"Debug\\" /Fd"Debug\vc120.pdb" /Gd /TP /analyze- /errorReport:prompt ClassFactory.cpp DeskBand.cpp DeskBandWindow.cpp IconWindow.cpp TouchBand.cpp
         IconWindow.cpp
     1>c:\users\mistree\documents\assistivetouch\assistivetouch8\iconwindow.cpp(11): warning C4996: 'swprintf': swprintf has been changed to conform with the ISO C standard, adding an extra character count parameter. To use traditional Microsoft swprintf, set _CRT_NON_CONFORMING_SWPRINTFS.
                 d:\program files (x86)\microsoft visual studio 12.0\vc\include\swprintf.inl(85) : 参见“swprintf”的声明
     1>c:\users\mistree\documents\assistivetouch\assistivetouch8\iconwindow.cpp(117): warning C4996: 'swprintf': swprintf has been changed to conform with the ISO C standard, adding an extra character count parameter. To use traditional Microsoft swprintf, set _CRT_NON_CONFORMING_SWPRINTFS.
                 d:\program files (x86)\microsoft visual studio 12.0\vc\include\swprintf.inl(85) : 参见“swprintf”的声明
     1>c:\users\mistree\documents\assistivetouch\assistivetouch8\iconwindow.cpp(119): warning C4996: 'swprintf': swprintf has been changed to conform with the ISO C standard, adding an extra character count parameter. To use traditional Microsoft swprintf, set _CRT_NON_CONFORMING_SWPRINTFS.
                 d:\program files (x86)\microsoft visual studio 12.0\vc\include\swprintf.inl(85) : 参见“swprintf”的声明
         DeskBandWindow.cpp
     1>c:\users\mistree\documents\assistivetouch\assistivetouch8\deskbandwindow.cpp(17): warning C4996: 'wcscat': This function or variable may be unsafe. Consider using wcscat_s instead. To disable deprecation, use _CRT_SECURE_NO_WARNINGS. See online help for details.
                 d:\program files (x86)\microsoft visual studio 12.0\vc\include\string.h(284) : 参见“wcscat”的声明
     1>c:\users\mistree\documents\assistivetouch\assistivetouch8\deskbandwindow.cpp(219): warning C4996: 'wcscat': This function or variable may be unsafe. Consider using wcscat_s instead. To disable deprecation, use _CRT_SECURE_NO_WARNINGS. See online help for details.
                 d:\program files (x86)\microsoft visual studio 12.0\vc\include\string.h(284) : 参见“wcscat”的声明
     1>c:\users\mistree\documents\assistivetouch\assistivetouch8\deskbandwindow.cpp(220): warning C4996: 'wcscat': This function or variable may be unsafe. Consider using wcscat_s instead. To disable deprecation, use _CRT_SECURE_NO_WARNINGS. See online help for details.
                 d:\program files (x86)\microsoft visual studio 12.0\vc\include\string.h(284) : 参见“wcscat”的声明
         正在生成代码...
         正在编译...
         TouchBand.cpp
         DeskBand.cpp
     1>c:\users\mistree\documents\assistivetouch\assistivetouch8\deskband.cpp(434): warning C4996: 'wcscpy': This function or variable may be unsafe. Consider using wcscpy_s instead. To disable deprecation, use _CRT_SECURE_NO_WARNINGS. See online help for details.
                 d:\program files (x86)\microsoft visual studio 12.0\vc\include\string.h(294) : 参见“wcscpy”的声明
         ClassFactory.cpp
         正在生成代码...
       Link:
         D:\Program Files (x86)\Microsoft Visual Studio 12.0\VC\bin\link.exe /ERRORREPORT:PROMPT /OUT:"C:\Users\mistree\Documents\AssistiveTouch\Debug\AssistiveTouch8.dll" /INCREMENTAL /NOLOGO uxtheme.lib strsafe.lib advapi32.lib Gdiplus.lib comctl32.lib kernel32.lib user32.lib gdi32.lib winspool.lib comdlg32.lib advapi32.lib shell32.lib ole32.lib oleaut32.lib uuid.lib odbc32.lib odbccp32.lib /DEF:"AssistiveTouch8.def" /MANIFEST /MANIFESTUAC:"level='asInvoker' uiAccess='false'" /manifest:embed /DEBUG /PDB:"C:\Users\mistree\Documents\AssistiveTouch\Debug\AssistiveTouch8.pdb" /SUBSYSTEM:WINDOWS /TLBID:1 /DYNAMICBASE /NXCOMPAT /IMPLIB:"C:\Users\mistree\Documents\AssistiveTouch\Debug\AssistiveTouch8.lib" /MACHINE:X86 /DLL Debug\Resource.res
         Debug\ClassFactory.obj
         Debug\ConfigurationWindow.obj
         Debug\DeskBand.obj
         Debug\DeskBandWindow.obj
         Debug\IconWindow.obj
         Debug\InputEmulation.obj
         Debug\Timer.obj
         Debug\TouchBand.obj
         Debug\TouchDetector.obj
     1>AssistiveTouch8.def(3): warning LNK4017: DESCRIPTION 语句不支持目标平台；已忽略
            正在创建库 C:\Users\mistree\Documents\AssistiveTouch\Debug\AssistiveTouch8.lib 和对象 C:\Users\mistree\Documents\AssistiveTouch\Debug\AssistiveTouch8.exp
     1>AssistiveTouch8.exp : warning LNK4070: .EXP 中的 /OUT:TouchBand.dll 指令与输出文件名“C:\Users\mistree\Documents\AssistiveTouch\Debug\AssistiveTouch8.dll”不同；忽略指令
         AssistiveTouch8.vcxproj -> C:\Users\mistree\Documents\AssistiveTouch\Debug\AssistiveTouch8.dll
     1>已完成生成项目“C:\Users\mistree\Documents\AssistiveTouch\AssistiveTouch8\AssistiveTouch8.vcxproj”(Build 个目标)的操作。

生成成功。

已用时间 00:00:07.79
