c:\users\mistree\documents\assistivetouch\touchband\debug\vc120.pdb
c:\workbench\assistivetouch8\touchband\debug\vc120.pdb
c:\workbench\assistivetouch8\touchband\debug\vc120.idb
c:\workbench\assistivetouch8\touchband\debug\classfactory.obj
c:\workbench\assistivetouch8\touchband\debug\deskband.obj
c:\workbench\assistivetouch8\touchband\debug\deskbandwindow.obj
c:\workbench\assistivetouch8\touchband\debug\hook.obj
c:\workbench\assistivetouch8\touchband\debug\touchband.obj
c:\users\mistree\documents\assistivetouch\debug\touchband.ilk
c:\users\mistree\documents\assistivetouch\debug\touchband.dll
c:\users\mistree\documents\assistivetouch\debug\touchband.pdb
c:\workbench\assistivetouch8\debug\touchband.ilk
c:\workbench\assistivetouch8\debug\touchband.dll
c:\workbench\assistivetouch8\debug\touchband.pdb
c:\users\mistree\documents\assistivetouch\debug\touchband.lib
c:\users\mistree\documents\assistivetouch\debug\touchband.exp
c:\workbench\assistivetouch8\debug\touchband.lib
c:\workbench\assistivetouch8\debug\touchband.exp
c:\workbench\assistivetouch8\touchband\debug\touchband.tlog\cl.command.1.tlog
c:\workbench\assistivetouch8\touchband\debug\touchband.tlog\cl.read.1.tlog
c:\workbench\assistivetouch8\touchband\debug\touchband.tlog\cl.write.1.tlog
c:\workbench\assistivetouch8\touchband\debug\touchband.tlog\link.command.1.tlog
c:\workbench\assistivetouch8\touchband\debug\touchband.tlog\link.read.1.tlog
c:\workbench\assistivetouch8\touchband\debug\touchband.tlog\link.write.1.tlog
c:\workbench\assistivetouch8\touchband\debug\touchband.tlog\rc.command.1.tlog
c:\workbench\assistivetouch8\touchband\debug\touchband.tlog\rc.read.1.tlog
c:\workbench\assistivetouch8\touchband\debug\touchband.tlog\rc.write.1.tlog
c:\workbench\assistivetouch8\touchband\debug\touchband.tlog\touchband.write.1u.tlog
