生成启动时间为 2014/3/31 13:25:38。
     1>项目“C:\Users\mistree\Documents\AssistiveTouch\TouchBand\TouchBand.vcxproj”在节点 2 上(Build 个目标)。
     1>ClCompile:
         D:\Program Files (x86)\Microsoft Visual Studio 12.0\VC\bin\CL.exe /c /Zi /nologo /W3 /WX- /O2 /Oi /Oy- /GL /D WIN32 /D NDEBUG /D _WINDOWS /D _USRDLL /D TOUCHBAND_EXPORTS /D _WINDLL /D _UNICODE /D UNICODE /Gm- /EHsc /MD /GS /Gy /fp:precise /Zc:wchar_t /Zc:forScope /Fo"Release\\" /Fd"Release\vc120.pdb" /Gd /TP /analyze- /errorReport:prompt ClassFactory.cpp DeskBand.cpp TouchBand.cpp
         ClassFactory.cpp
         DeskBand.cpp
         TouchBand.cpp
       Link:
         D:\Program Files (x86)\Microsoft Visual Studio 12.0\VC\bin\link.exe /ERRORREPORT:PROMPT /OUT:"C:\Users\mistree\Documents\AssistiveTouch\Release\TouchBand.dll" /INCREMENTAL:NO /NOLOGO uxtheme.lib strsafe.lib advapi32.lib kernel32.lib user32.lib gdi32.lib winspool.lib comdlg32.lib advapi32.lib shell32.lib ole32.lib oleaut32.lib uuid.lib odbc32.lib odbccp32.lib /DEF:"TouchBand.def" /MANIFEST /MANIFESTUAC:"level='asInvoker' uiAccess='false'" /manifest:embed /DEBUG /PDB:"C:\Users\mistree\Documents\AssistiveTouch\Release\TouchBand.pdb" /SUBSYSTEM:WINDOWS /OPT:REF /OPT:ICF /LTCG /TLBID:1 /DYNAMICBASE /NXCOMPAT /IMPLIB:"C:\Users\mistree\Documents\AssistiveTouch\Release\TouchBand.lib" /MACHINE:X86 /SAFESEH /DLL Release\Resource.res
         Release\ClassFactory.obj
         Release\DeskBand.obj
         Release\DeskBandWindow.obj
         Release\TouchBand.obj
     1>TouchBand.def(3): warning LNK4017: DESCRIPTION 语句不支持目标平台；已忽略
            正在创建库 C:\Users\mistree\Documents\AssistiveTouch\Release\TouchBand.lib 和对象 C:\Users\mistree\Documents\AssistiveTouch\Release\TouchBand.exp
         正在生成代码
         已完成代码的生成
         TouchBand.vcxproj -> C:\Users\mistree\Documents\AssistiveTouch\Release\TouchBand.dll
     1>已完成生成项目“C:\Users\mistree\Documents\AssistiveTouch\TouchBand\TouchBand.vcxproj”(Build 个目标)的操作。

生成成功。

已用时间 00:00:05.71
