生成启动时间为 2014/4/3 0:44:39。
     1>项目“C:\Users\mistree\Documents\AssistiveTouch\AssistiveTouch8\AssistiveTouch8.vcxproj”在节点 2 上(Build 个目标)。
     1>C:\Program Files (x86)\MSBuild\Microsoft.Cpp\v4.0\V120\Microsoft.CppBuild.targets(381,5): warning MSB8028: The intermediate directory (x64\Debug\) contains files shared from another project (TouchBand.vcxproj).  This can lead to incorrect clean and rebuild behavior.
     1>ClCompile:
         D:\Program Files (x86)\Microsoft Visual Studio 12.0\VC\bin\x86_amd64\CL.exe /c /Zi /nologo /W3 /WX- /Od /D WIN32 /D _DEBUG /D _WINDOWS /D _USRDLL /D AssistiveTouch8_EXPORTS /D _WINDLL /D _UNICODE /D UNICODE /Gm /EHsc /RTC1 /MDd /GS /fp:precise /Zc:wchar_t /Zc:forScope /Fo"x64\Debug\\" /Fd"x64\Debug\vc120.pdb" /Gd /TP /errorReport:prompt InputEmulation.cpp TouchDetector.cpp
         TouchDetector.cpp
         InputEmulation.cpp
         正在生成代码...
       Link:
         D:\Program Files (x86)\Microsoft Visual Studio 12.0\VC\bin\x86_amd64\link.exe /ERRORREPORT:PROMPT /OUT:"C:\Users\mistree\Documents\AssistiveTouch\x64\Debug\AssistiveTouch8.dll" /INCREMENTAL /NOLOGO uxtheme.lib strsafe.lib advapi32.lib Gdiplus.lib comctl32.lib kernel32.lib user32.lib gdi32.lib winspool.lib comdlg32.lib advapi32.lib shell32.lib ole32.lib oleaut32.lib uuid.lib odbc32.lib odbccp32.lib /DEF:"AssistiveTouch8.def" /MANIFEST /MANIFESTUAC:"level='asInvoker' uiAccess='false'" /manifest:embed /DEBUG /PDB:"C:\Users\mistree\Documents\AssistiveTouch\x64\Debug\AssistiveTouch8.pdb" /SUBSYSTEM:WINDOWS /TLBID:1 /DYNAMICBASE:NO /NXCOMPAT /IMPLIB:"C:\Users\mistree\Documents\AssistiveTouch\x64\Debug\AssistiveTouch8.lib" /MACHINE:X64 /DLL x64\Debug\Resource.res
         x64\Debug\ClassFactory.obj
         x64\Debug\ConfigurationWindow.obj
         x64\Debug\DeskBand.obj
         x64\Debug\DeskBandWindow.obj
         x64\Debug\IconWindow.obj
         x64\Debug\InputEmulation.obj
         x64\Debug\Timer.obj
         x64\Debug\TouchBand.obj
         x64\Debug\TouchDetector.obj
     1>AssistiveTouch8.def(3): warning LNK4017: DESCRIPTION 语句不支持目标平台；已忽略
            正在创建库 C:\Users\mistree\Documents\AssistiveTouch\x64\Debug\AssistiveTouch8.lib 和对象 C:\Users\mistree\Documents\AssistiveTouch\x64\Debug\AssistiveTouch8.exp
         AssistiveTouch8.vcxproj -> C:\Users\mistree\Documents\AssistiveTouch\x64\Debug\AssistiveTouch8.dll
     1>已完成生成项目“C:\Users\mistree\Documents\AssistiveTouch\AssistiveTouch8\AssistiveTouch8.vcxproj”(Build 个目标)的操作。

生成成功。

已用时间 00:00:03.48
