生成启动时间为 4/2/2014 1:57:43 PM。
     1>项目“C:\Workbench\AssistiveTouch8\TouchBand\TouchBand.vcxproj”在节点 2 上(Build 个目标)。
     1>ClCompile:
         C:\Program Files\Microsoft Visual Studio 12.0\VC\bin\x86_amd64\CL.exe /c /Zi /nologo /W3 /WX- /Od /D WIN32 /D _DEBUG /D _WINDOWS /D _USRDLL /D TOUCHBAND_EXPORTS /D _WINDLL /D _UNICODE /D UNICODE /Gm /EHsc /RTC1 /MDd /GS /fp:precise /Zc:wchar_t /Zc:forScope /Fo"x64\Debug\\" /Fd"x64\Debug\vc120.pdb" /Gd /TP /errorReport:prompt ClassFactory.cpp DeskBand.cpp DeskBandWindow.cpp TouchBand.cpp
         DeskBandWindow.cpp
     1>DeskBandWindow.cpp(15): warning C4996: 'wcscat': This function or variable may be unsafe. Consider using wcscat_s instead. To disable deprecation, use _CRT_SECURE_NO_WARNINGS. See online help for details.
                 C:\Program Files\Microsoft Visual Studio 12.0\VC\include\string.h(284) : 参见“wcscat”的声明
     1>DeskBandWindow.cpp(213): warning C4996: 'wcscat': This function or variable may be unsafe. Consider using wcscat_s instead. To disable deprecation, use _CRT_SECURE_NO_WARNINGS. See online help for details.
                 C:\Program Files\Microsoft Visual Studio 12.0\VC\include\string.h(284) : 参见“wcscat”的声明
     1>DeskBandWindow.cpp(214): warning C4996: 'wcscat': This function or variable may be unsafe. Consider using wcscat_s instead. To disable deprecation, use _CRT_SECURE_NO_WARNINGS. See online help for details.
                 C:\Program Files\Microsoft Visual Studio 12.0\VC\include\string.h(284) : 参见“wcscat”的声明
         正在生成代码...
         正在编译...
         TouchBand.cpp
         DeskBand.cpp
     1>DeskBand.cpp(433): warning C4996: 'wcscpy': This function or variable may be unsafe. Consider using wcscpy_s instead. To disable deprecation, use _CRT_SECURE_NO_WARNINGS. See online help for details.
                 C:\Program Files\Microsoft Visual Studio 12.0\VC\include\string.h(294) : 参见“wcscpy”的声明
         ClassFactory.cpp
         正在生成代码...
       ResourceCompile:
         C:\Program Files\Windows Kits\8.1\bin\x86\rc.exe /D _UNICODE /D UNICODE /l"0x0409" /nologo /fo"x64\Debug\Resource.res" Resource.rc 
       Link:
         C:\Program Files\Microsoft Visual Studio 12.0\VC\bin\x86_amd64\link.exe /ERRORREPORT:PROMPT /OUT:"C:\Workbench\AssistiveTouch8\x64\Debug\TouchBand.dll" /INCREMENTAL /NOLOGO uxtheme.lib strsafe.lib advapi32.lib Gdiplus.lib comctl32.lib kernel32.lib user32.lib gdi32.lib winspool.lib comdlg32.lib advapi32.lib shell32.lib ole32.lib oleaut32.lib uuid.lib odbc32.lib odbccp32.lib /DEF:"TouchBand.def" /MANIFEST /MANIFESTUAC:"level='asInvoker' uiAccess='false'" /manifest:embed /DEBUG /PDB:"C:\Workbench\AssistiveTouch8\x64\Debug\TouchBand.pdb" /SUBSYSTEM:WINDOWS /TLBID:1 /DYNAMICBASE:NO /NXCOMPAT /IMPLIB:"C:\Workbench\AssistiveTouch8\x64\Debug\TouchBand.lib" /MACHINE:X64 /DLL x64\Debug\Resource.res
         x64\Debug\ClassFactory.obj
         x64\Debug\DeskBand.obj
         x64\Debug\DeskBandWindow.obj
         x64\Debug\Hook.obj
         x64\Debug\TouchBand.obj
     1>TouchBand.def(3): warning LNK4017: DESCRIPTION 语句不支持目标平台；已忽略
            正在创建库 C:\Workbench\AssistiveTouch8\x64\Debug\TouchBand.lib 和对象 C:\Workbench\AssistiveTouch8\x64\Debug\TouchBand.exp
         TouchBand.vcxproj -> C:\Workbench\AssistiveTouch8\x64\Debug\TouchBand.dll
     1>已完成生成项目“C:\Workbench\AssistiveTouch8\TouchBand\TouchBand.vcxproj”(Build 个目标)的操作。

生成成功。

已用时间 00:00:19.20
